<?xml version="1.0" encoding="UTF-8"?>
<testng-results skipped="0" failed="0" total="1" passed="1">
  <reporter-output>
  </reporter-output>
  <suite name="Default suite" duration-ms="86020" started-at="2020-08-12T12:48:40Z" finished-at="2020-08-12T12:50:06Z">
    <groups>
    </groups>
    <test name="Default test" duration-ms="86020" started-at="2020-08-12T12:48:40Z" finished-at="2020-08-12T12:50:06Z">
      <class name="com.OragneHRM.TestCases.VarifyUserLoign">
        <test-method status="PASS" signature="TestBrowser()[pri:0, instance:com.OragneHRM.TestCases.VarifyUserLoign@1ff8b8f]" name="TestBrowser" duration-ms="86000" started-at="2020-08-12T18:18:40Z" finished-at="2020-08-12T18:20:06Z">
          <reporter-output>
          </reporter-output>
        </test-method> <!-- TestBrowser -->
      </class> <!-- com.OragneHRM.TestCases.VarifyUserLoign -->
    </test> <!-- Default test -->
  </suite> <!-- Default suite -->
</testng-results>
